<?xml version="1.0" encoding="UTF-8"?>
<!-- Generated by org.testng.reporters.JUnitReportReporter -->
<testsuite hostname="LT246" failures="0" tests="4" name="com.essen.testCases.TC_SSRSChecker" time="37.387" errors="0" timestamp="2022-08-01T18:35:53 IST" skipped="0">
  <testcase classname="com.essen.testCases.TC_SSRSChecker" name="PgChecker_KioskCheckInsReport" time="11.879"/>
  <system-out/>
  <testcase classname="com.essen.testCases.TC_SSRSChecker" name="PgChecker_WowReport" time="10.067"/>
  <system-out/>
  <testcase classname="com.essen.testCases.TC_SSRSChecker" name="PgChecker_NoShowBookedAppointmentsReport" time="1.192"/>
  <system-out/>
  <testcase classname="com.essen.testCases.TC_SSRSChecker" name="PgChecker_PatientList_Exceptions" time="14.249"/>
  <system-out/>
</testsuite> <!-- com.essen.testCases.TC_SSRSChecker -->
