<?xml version="1.0" encoding="UTF-8"?>
<!-- Generated by org.testng.reporters.JUnitReportReporter -->
<testsuite hostname="LT246" failures="0" tests="3" name="com.essen.testCases.TC_PowerBIChecker" time="56.619" errors="0" timestamp="2022-08-17T14:01:35 IST" skipped="0">
  <testcase classname="com.essen.testCases.TC_PowerBIChecker" name="ProviderPanelDashboard" time="39.201"/>
  <system-out/>
  <testcase classname="com.essen.testCases.TC_PowerBIChecker" name="FacilityPanelDashboard" time="11.274"/>
  <system-out/>
  <testcase classname="com.essen.testCases.TC_PowerBIChecker" name="PostAcuteCareDashboard" time="6.144"/>
  <system-out/>
</testsuite> <!-- com.essen.testCases.TC_PowerBIChecker -->
