<?xml version="1.0" encoding="UTF-8"?>
<!-- Generated by org.testng.reporters.JUnitReportReporter -->
<testsuite hostname="LT246" failures="0" tests="3" name="com.essen.testCases.TC_PowerBIChecker" time="21.715" errors="0" timestamp="2022-08-25T13:30:28 IST" skipped="0">
  <testcase classname="com.essen.testCases.TC_PowerBIChecker" name="ProviderPanelDashboard" time="9.762"/>
  <system-out/>
  <testcase classname="com.essen.testCases.TC_PowerBIChecker" name="FacilityPanelDashboard" time="8.456"/>
  <system-out/>
  <testcase classname="com.essen.testCases.TC_PowerBIChecker" name="PostAcuteCareDashboard" time="3.497"/>
  <system-out/>
</testsuite> <!-- com.essen.testCases.TC_PowerBIChecker -->
